#
# There is insufficient memory for the Java Runtime Environment to continue.
# Native memory allocation (malloc) failed to allocate 422736 bytes for Chunk::new
# Possible reasons:
#   The system is out of physical RAM or swap space
#   In 32 bit mode, the process size limit was hit
# Possible solutions:
#   Reduce memory load on the system
#   Increase physical memory or swap space
#   Check if swap backing store is full
#   Use 64 bit Java on a 64 bit OS
#   Decrease Java heap size (-Xmx/-Xms)
#   Decrease number of Java threads
#   Decrease Java thread stack sizes (-Xss)
#   Set larger code cache with -XX:ReservedCodeCacheSize=
# This output file may be truncated or incomplete.
#
#  Out of Memory Error (allocation.cpp:390), pid=5840, tid=9956
#
# JRE version: Java(TM) SE Runtime Environment (8.0_40-b26) (build 1.8.0_40-b26)
# Java VM: Java HotSpot(TM) 64-Bit Server VM (25.40-b25 mixed mode windows-amd64 compressed oops)
# Failed to write core dump. Minidumps are not enabled by default on client versions of Windows
#

---------------  T H R E A D  ---------------

Current thread (0x00000000156fc000):  JavaThread "C2 CompilerThread0" daemon [_thread_in_native, id=9956, stack(0x0000000016c60000,0x0000000016d60000)]

Stack: [0x0000000016c60000,0x0000000016d60000]
Native frames: (J=compiled Java code, j=interpreted, Vv=VM code, C=native code)
V  [jvm.dll+0x32b47a]


Current CompileTask:
C2:  85934  834       4       com.android.dx.ssa.SsaBasicBlock::forEachInsn (37 bytes)


---------------  P R O C E S S  ---------------

Java Threads: ( => current thread )
  0x0000000016f71800 JavaThread "pool-1-thread-1" [_thread_in_native, id=3032, stack(0x00000000011f0000,0x00000000012f0000)]
  0x0000000016f78800 JavaThread "Service Thread" daemon [_thread_blocked, id=8148, stack(0x0000000017360000,0x0000000017460000)]
  0x0000000015721000 JavaThread "C1 CompilerThread2" daemon [_thread_blocked, id=308, stack(0x0000000016e60000,0x0000000016f60000)]
  0x00000000156ff800 JavaThread "C2 CompilerThread1" daemon [_thread_in_native, id=8660, stack(0x0000000016d60000,0x0000000016e60000)]
=>0x00000000156fc000 JavaThread "C2 CompilerThread0" daemon [_thread_in_native, id=9956, stack(0x0000000016c60000,0x0000000016d60000)]
  0x00000000156fa800 JavaThread "Attach Listener" daemon [_thread_blocked, id=10136, stack(0x0000000016b60000,0x0000000016c60000)]
  0x00000000156f9000 JavaThread "Signal Dispatcher" daemon [_thread_blocked, id=9764, stack(0x0000000016a60000,0x0000000016b60000)]
  0x0000000003020800 JavaThread "Finalizer" daemon [_thread_blocked, id=9720, stack(0x0000000016960000,0x0000000016a60000)]
  0x000000000301d000 JavaThread "Reference Handler" daemon [_thread_blocked, id=6804, stack(0x0000000016860000,0x0000000016960000)]
  0x0000000002f30800 JavaThread "main" [_thread_blocked, id=6592, stack(0x0000000002e30000,0x0000000002f30000)]

Other Threads:
  0x00000000156c8000 VMThread [stack: 0x0000000016760000,0x0000000016860000] [id=3928]
  0x000000001575d000 WatcherThread [stack: 0x0000000017460000,0x0000000017560000] [id=8516]

VM state:not at safepoint (normal execution)

VM Mutex/Monitor currently owned by a thread: None

Heap:
 PSYoungGen      total 17920K, used 7305K [0x00000000eab00000, 0x00000000ebf00000, 0x0000000100000000)
  eden space 15360K, 31% used [0x00000000eab00000,0x00000000eafa67b8,0x00000000eba00000)
  from space 2560K, 99% used [0x00000000eba00000,0x00000000ebc7bc58,0x00000000ebc80000)
  to   space 2560K, 0% used [0x00000000ebc80000,0x00000000ebc80000,0x00000000ebf00000)
 ParOldGen       total 40960K, used 1761K [0x00000000c0000000, 0x00000000c2800000, 0x00000000eab00000)
  object space 40960K, 4% used [0x00000000c0000000,0x00000000c01b8688,0x00000000c2800000)
 Metaspace       used 5999K, capacity 6960K, committed 7040K, reserved 1056768K
  class space    used 603K, capacity 616K, committed 640K, reserved 1048576K

Card table byte_map: [0x00000000123f0000,0x0000000012600000] byte_map_base: 0x0000000011df0000

Marking Bits: (ParMarkBitMap*) 0x0000000058dd4040
 Begin Bits: [0x0000000012b60000, 0x0000000013b60000)
 End Bits:   [0x0000000013b60000, 0x0000000014b60000)

Polling page: 0x0000000001470000

CodeCache: size=245760Kb used=3952Kb max_used=3952Kb free=241807Kb
 bounds [0x0000000003030000, 0x0000000003410000, 0x0000000012030000]
 total_blobs=1395 nmethods=1126 adapters=182
 compilation: enabled

Compilation events (10 events):
Event: 83.450 Thread 0x0000000015721000  960       2       com.android.dx.rop.cst.CstKnownNull::getType (4 bytes)
Event: 83.450 Thread 0x0000000015721000 nmethod 960 0x00000000033caed0 code [0x00000000033cb020, 0x00000000033cb170]
Event: 83.450 Thread 0x0000000015721000  969       2       java.util.HashMap::afterNodeAccess (1 bytes)
Event: 83.451 Thread 0x0000000015721000 nmethod 969 0x00000000033cb210 code [0x00000000033cb360, 0x00000000033cb4b0]
Event: 83.451 Thread 0x0000000015721000  958       2       com.android.dx.rop.cst.TypedConstant::getBasicType (8 bytes)
Event: 83.451 Thread 0x0000000015721000 nmethod 958 0x00000000033cb510 code [0x00000000033cb680, 0x00000000033cb808]
Event: 83.451 Thread 0x0000000015721000  959       2       com.android.dx.rop.type.Type::isReference (15 bytes)
Event: 83.451 Thread 0x0000000015721000 nmethod 959 0x00000000033cb8d0 code [0x00000000033cba20, 0x00000000033cbb90]
Event: 83.451 Thread 0x0000000015721000  979       1       com.android.dx.dex.code.RopTranslator::access$100 (5 bytes)
Event: 83.451 Thread 0x0000000015721000 nmethod 979 0x00000000033cbc10 code [0x00000000033cbd60, 0x00000000033cbe50]

GC Heap History (2 events):
Event: 81.276 GC heap before
{Heap before GC invocations=1 (full 0):
 PSYoungGen      total 17920K, used 15360K [0x00000000eab00000, 0x00000000ebf00000, 0x0000000100000000)
  eden space 15360K, 100% used [0x00000000eab00000,0x00000000eba00000,0x00000000eba00000)
  from space 2560K, 0% used [0x00000000ebc80000,0x00000000ebc80000,0x00000000ebf00000)
  to   space 2560K, 0% used [0x00000000eba00000,0x00000000eba00000,0x00000000ebc80000)
 ParOldGen       total 40960K, used 0K [0x00000000c0000000, 0x00000000c2800000, 0x00000000eab00000)
  object space 40960K, 0% used [0x00000000c0000000,0x00000000c0000000,0x00000000c2800000)
 Metaspace       used 5609K, capacity 6704K, committed 6784K, reserved 1056768K
  class space    used 579K, capacity 616K, committed 640K, reserved 1048576K
Event: 83.155 GC heap after
Heap after GC invocations=1 (full 0):
 PSYoungGen      total 17920K, used 2543K [0x00000000eab00000, 0x00000000ebf00000, 0x0000000100000000)
  eden space 15360K, 0% used [0x00000000eab00000,0x00000000eab00000,0x00000000eba00000)
  from space 2560K, 99% used [0x00000000eba00000,0x00000000ebc7bc58,0x00000000ebc80000)
  to   space 2560K, 0% used [0x00000000ebc80000,0x00000000ebc80000,0x00000000ebf00000)
 ParOldGen       total 40960K, used 1761K [0x00000000c0000000, 0x00000000c2800000, 0x00000000eab00000)
  object space 40960K, 4% used [0x00000000c0000000,0x00000000c01b8688,0x00000000c2800000)
 Metaspace       used 5609K, capacity 6704K, committed 6784K, reserved 1056768K
  class space    used 579K, capacity 616K, committed 640K, reserved 1048576K
}

Deoptimization events (6 events):
Event: 80.737 Thread 0x0000000002f30800 Uncommon trap: reason=class_check action=maybe_recompile pc=0x0000000003274070 method=com.android.dx.rop.cst.CstMemberRef.compareTo0(Lcom/android/dx/rop/cst/Constant;)I @ 1
Event: 80.737 Thread 0x0000000017130800 Uncommon trap: reason=class_check action=maybe_recompile pc=0x0000000003274070 method=com.android.dx.rop.cst.CstMemberRef.compareTo0(Lcom/android/dx/rop/cst/Constant;)I @ 1
Event: 80.737 Thread 0x0000000017130800 Uncommon trap: reason=class_check action=maybe_recompile pc=0x0000000003274070 method=com.android.dx.rop.cst.CstMemberRef.compareTo0(Lcom/android/dx/rop/cst/Constant;)I @ 1
Event: 80.737 Thread 0x0000000017046800 Uncommon trap: reason=class_check action=maybe_recompile pc=0x0000000003274070 method=com.android.dx.rop.cst.CstMemberRef.compareTo0(Lcom/android/dx/rop/cst/Constant;)I @ 1
Event: 80.759 Thread 0x0000000017046800 Uncommon trap: reason=unstable_if action=reinterpret pc=0x0000000003241df8 method=java.util.HashMap.getNode(ILjava/lang/Object;)Ljava/util/HashMap$Node; @ 143
Event: 81.083 Thread 0x0000000002f30800 Uncommon trap: reason=unstable_if action=reinterpret pc=0x00000000032735f4 method=com.android.dx.rop.cst.CstFieldRef.compareTo0(Lcom/android/dx/rop/cst/Constant;)I @ 7

Internal exceptions (2 events):
Event: 20.046 Thread 0x0000000002f30800 Exception <a 'java/lang/NoSuchMethodError': Method sun.misc.Unsafe.defineClass(Ljava/lang/String;[BII)Ljava/lang/Class; name or signature does not match> (0x00000000eab0d100) thrown at [D:\re\workspace\8-2-build-windows-amd64-cygwin\jdk8u40\3098\hotspot\srÕ‚\çÍ4@
Event: 20.047 Thread 0x0000000002f30800 Exception <a 'java/lang/NoSuchMethodError': Method sun.misc.Unsafe.prefetchRead(Ljava/lang/Object;J)V name or signature does not match> (0x00000000eab0d390) thrown at [D:\re\workspace\8-2-build-windows-amd64-cygwin\jdk8u40\3098\hotspot\src\share\vm\prims\j

Events (10 events):
Event: 80.814 loading class com/android/dx/cf/code/BytecodeArray$ConstantParserVisitor
Event: 80.814 loading class com/android/dx/cf/code/BytecodeArray$ConstantParserVisitor done
Event: 81.051 loading class java/util/DualPivotQuicksort done
Event: 81.083 Thread 0x0000000002f30800 Uncommon trap: trap_request=0xffffff65 fr.pc=0x00000000032735f4
Event: 81.083 Thread 0x0000000002f30800 DEOPT PACKING pc=0x00000000032735f4 sp=0x0000000002f2e2e0
Event: 81.083 Thread 0x0000000002f30800 DEOPT UNPACKING pc=0x000000000307582a sp=0x0000000002f2e268 mode 2
Event: 81.160 Executing VM operation: RevokeBias
Event: 81.206 Executing VM operation: RevokeBias done
Event: 81.218 Executing VM operation: ParallelGCFailedAllocation
Event: 83.155 Executing VM operation: ParallelGCFailedAllocation done


Dynamic libraries:
0x00007ff6df250000 - 0x00007ff6df287000 	C:\Program Files\Java\jdk1.8.0_40\bin\java.exe
0x00007ffd3f340000 - 0x00007ffd3f502000 	C:\WINDOWS\SYSTEM32\ntdll.dll
0x00007ffd3e160000 - 0x00007ffd3e20d000 	C:\WINDOWS\system32\KERNEL32.DLL
0x00007ffd3c0e0000 - 0x00007ffd3c2bd000 	C:\WINDOWS\system32\KERNELBASE.dll
0x00007ffd3e9c0000 - 0x00007ffd3ea66000 	C:\WINDOWS\system32\ADVAPI32.dll
0x00007ffd3f2a0000 - 0x00007ffd3f33d000 	C:\WINDOWS\system32\msvcrt.dll
0x00007ffd3e950000 - 0x00007ffd3e9ab000 	C:\WINDOWS\system32\sechost.dll
0x00007ffd3eab0000 - 0x00007ffd3ebd6000 	C:\WINDOWS\system32\RPCRT4.dll
0x00007ffd3ecc0000 - 0x00007ffd3ee0e000 	C:\WINDOWS\system32\USER32.dll
0x00007ffd3f110000 - 0x00007ffd3f295000 	C:\WINDOWS\system32\GDI32.dll
0x00007ffd37470000 - 0x00007ffd376e4000 	C:\WINDOWS\WinSxS\amd64_microsoft.windows.common-controls_6595b64144ccf1df_6.0.10240.17184_none_f41d7a705752bce6\COMCTL32.dll
0x00007ffd3ea70000 - 0x00007ffd3eaa6000 	C:\WINDOWS\system32\IMM32.DLL
0x00007ffd3efb0000 - 0x00007ffd3f10c000 	C:\WINDOWS\system32\MSCTF.dll
0x0000000058e60000 - 0x0000000058f32000 	C:\Program Files\Java\jdk1.8.0_40\jre\bin\msvcr100.dll
0x00000000585d0000 - 0x0000000058e53000 	C:\Program Files\Java\jdk1.8.0_40\jre\bin\server\jvm.dll
0x00007ffd3e660000 - 0x00007ffd3e668000 	C:\WINDOWS\system32\PSAPI.DLL
0x00007ffd31fe0000 - 0x00007ffd31fe9000 	C:\WINDOWS\SYSTEM32\WSOCK32.dll
0x00007ffd399f0000 - 0x00007ffd39a13000 	C:\WINDOWS\SYSTEM32\WINMM.dll
0x00007ffd37900000 - 0x00007ffd3790a000 	C:\WINDOWS\SYSTEM32\VERSION.dll
0x00007ffd3e830000 - 0x00007ffd3e899000 	C:\WINDOWS\system32\WS2_32.dll
0x00007ffd3e7c0000 - 0x00007ffd3e7c8000 	C:\WINDOWS\system32\NSI.dll
0x0000000001440000 - 0x000000000146c000 	C:\WINDOWS\SYSTEM32\WINMMBASE.dll
0x00007ffd3c2c0000 - 0x00007ffd3c304000 	C:\WINDOWS\system32\cfgmgr32.dll
0x00007ffd3a640000 - 0x00007ffd3a667000 	C:\WINDOWS\SYSTEM32\DEVOBJ.dll
0x00000000597a0000 - 0x00000000597af000 	C:\Program Files\Java\jdk1.8.0_40\jre\bin\verify.dll
0x00000000585a0000 - 0x00000000585c9000 	C:\Program Files\Java\jdk1.8.0_40\jre\bin\java.dll
0x0000000059780000 - 0x0000000059796000 	C:\Program Files\Java\jdk1.8.0_40\jre\bin\zip.dll
0x00007ffd3cc30000 - 0x00007ffd3e153000 	C:\WINDOWS\system32\SHELL32.dll
0x00007ffd3c310000 - 0x00007ffd3c939000 	C:\WINDOWS\system32\windows.storage.dll
0x00007ffd3e210000 - 0x00007ffd3e48c000 	C:\WINDOWS\system32\combase.dll
0x00007ffd3ee10000 - 0x00007ffd3ee61000 	C:\WINDOWS\system32\shlwapi.dll
0x00007ffd3bd80000 - 0x00007ffd3bd8f000 	C:\WINDOWS\system32\kernel.appcore.dll
0x00007ffd3c940000 - 0x00007ffd3c9f3000 	C:\WINDOWS\system32\shcore.dll
0x00007ffd3bdb0000 - 0x00007ffd3bdfa000 	C:\WINDOWS\system32\powrprof.dll
0x00007ffd3bd90000 - 0x00007ffd3bda3000 	C:\WINDOWS\system32\profapi.dll

VM Arguments:
jvm_args: -Djava.awt.headless=true -Xmx1024M -Dfile.encoding=windows-1252 -Duser.country=US -Duser.language=en -Duser.variant 
java_command: com.android.dx.command.Main --dex --force-jumbo --num-threads=4 --multi-dex --output H:\ud867-master\FinalProject\app\build\intermediates\transforms\dex\debug\folders\1000\5\slice_2 H:\ud867-master\FinalProject\app\build\intermediates\transforms\instantRunSlicer\debug\folders\1\5\slice_2
java_class_path (initial): C:\Users\gowth\AppData\Local\Android\sdk1\build-tools\25.0.1\lib\dx.jar
Launcher Type: SUN_STANDARD

Environment Variables:
JAVA_HOME=C:\Program Files\Java\jdk1.8.0_40
PATH=C:\ProgramData\Oracle\Java\javapath;C:\Program Files (x86)\Verisium\vPerformer\Bin;C:\Program Files\Java\jdk1.8.0_40\bin;C:\Program Files\nodejs\;C:\Users\gowth\Downloads\android-ndk-r13b\;C:\gradle-3.3\bin\;C:\Users\gowth\AppData\Roaming\npm;C:\gradle-3.3\bin\
USERNAME=gowth
OS=Windows_NT
PROCESSOR_IDENTIFIER=Intel64 Family 6 Model 69 Stepping 1, GenuineIntel



---------------  S Y S T E M  ---------------

OS: Windows 10.0 , 64 bit Build 10240 (10.0.10240.17113)

CPU:total 4 (2 cores per cpu, 2 threads per core) family 6 model 69 stepping 1, cmov, cx8, fxsr, mmx, sse, sse2, sse3, ssse3, sse4.1, sse4.2, popcnt, avx, avx2, aes, clmul, erms, lzcnt, ht, tsc, tscinvbit, bmi1, bmi2

Memory: 4k page, physical 3923764k(58760k free), swap 9678040k(4k free)

vm_info: Java HotSpot(TM) 64-Bit Server VM (25.40-b25) for windows-amd64 JRE (1.8.0_40-b26), built on Mar  7 2015 13:51:59 by "java_re" with MS VC++ 10.0 (VS2010)

time: Mon Feb 06 13:11:11 2017
elapsed time: 88 seconds (0d 0h 1m 28s)

