#
# There is insufficient memory for the Java Runtime Environment to continue.
# Native memory allocation (malloc) failed to allocate 32744 bytes for ChunkPool::allocate
# Possible reasons:
#   The system is out of physical RAM or swap space
#   In 32 bit mode, the process size limit was hit
# Possible solutions:
#   Reduce memory load on the system
#   Increase physical memory or swap space
#   Check if swap backing store is full
#   Use 64 bit Java on a 64 bit OS
#   Decrease Java heap size (-Xmx/-Xms)
#   Decrease number of Java threads
#   Decrease Java thread stack sizes (-Xss)
#   Set larger code cache with -XX:ReservedCodeCacheSize=
# This output file may be truncated or incomplete.
#
#  Out of Memory Error (allocation.cpp:273), pid=4104, tid=8224
#
# JRE version: Java(TM) SE Runtime Environment (8.0_40-b26) (build 1.8.0_40-b26)
# Java VM: Java HotSpot(TM) 64-Bit Server VM (25.40-b25 mixed mode windows-amd64 compressed oops)
# Failed to write core dump. Minidumps are not enabled by default on client versions of Windows
#

---------------  T H R E A D  ---------------

Current thread (0x0000000014dd0000):  JavaThread "C2 CompilerThread1" daemon [_thread_in_native, id=8224, stack(0x0000000016440000,0x0000000016540000)]

Stack: [0x0000000016440000,0x0000000016540000]
Native frames: (J=compiled Java code, j=interpreted, Vv=VM code, C=native code)
V  [jvm.dll+0x32b47a]


Current CompileTask:
C2:  31407 1259   !   4       com.android.dx.cf.code.BytecodeArray::parseInstruction (2764 bytes)


---------------  P R O C E S S  ---------------

Java Threads: ( => current thread )
  0x00000000168c8000 JavaThread "pool-2-thread-4" [_thread_blocked, id=6764, stack(0x0000000017040000,0x0000000017140000)]
  0x00000000168c3000 JavaThread "pool-2-thread-3" [_thread_blocked, id=1208, stack(0x0000000016f40000,0x0000000017040000)]
  0x00000000168c2000 JavaThread "pool-2-thread-2" [_thread_blocked, id=3976, stack(0x0000000016e40000,0x0000000016f40000)]
  0x000000001682f800 JavaThread "pool-3-thread-1" [_thread_blocked, id=5840, stack(0x0000000016d40000,0x0000000016e40000)]
  0x000000001682c800 JavaThread "pool-2-thread-1" [_thread_blocked, id=1480, stack(0x0000000016c40000,0x0000000016d40000)]
  0x0000000016658800 JavaThread "Service Thread" daemon [_thread_blocked, id=9924, stack(0x0000000016a40000,0x0000000016b40000)]
  0x0000000014dee800 JavaThread "C1 CompilerThread2" daemon [_thread_in_native, id=5100, stack(0x0000000016540000,0x0000000016640000)]
=>0x0000000014dd0000 JavaThread "C2 CompilerThread1" daemon [_thread_in_native, id=8224, stack(0x0000000016440000,0x0000000016540000)]
  0x0000000014dcd000 JavaThread "C2 CompilerThread0" daemon [_thread_in_native, id=8816, stack(0x0000000016340000,0x0000000016440000)]
  0x0000000014dcb000 JavaThread "Attach Listener" daemon [_thread_blocked, id=8884, stack(0x0000000016240000,0x0000000016340000)]
  0x0000000014dca000 JavaThread "Signal Dispatcher" daemon [_thread_blocked, id=9588, stack(0x0000000016140000,0x0000000016240000)]
  0x0000000002606000 JavaThread "Finalizer" daemon [_thread_blocked, id=6024, stack(0x0000000016040000,0x0000000016140000)]
  0x00000000025fd000 JavaThread "Reference Handler" daemon [_thread_blocked, id=7016, stack(0x0000000015f40000,0x0000000016040000)]
  0x0000000002510800 JavaThread "main" [_thread_blocked, id=9860, stack(0x00000000023d0000,0x00000000024d0000)]

Other Threads:
  0x0000000014d98000 VMThread [stack: 0x0000000015e40000,0x0000000015f40000] [id=8644]
  0x0000000014e2d800 WatcherThread [stack: 0x0000000016b40000,0x0000000016c40000] [id=10136]

VM state:at safepoint (normal execution)

VM Mutex/Monitor currently owned by a thread:  ([mutex/lock_event])
[0x00000000026fc0c0] Threads_lock - owner thread: 0x0000000014d98000
[0x00000000026fca40] Heap_lock - owner thread: 0x00000000168c3000

Heap:
 PSYoungGen      total 33280K, used 2539K [0x00000000eab00000, 0x00000000ece00000, 0x0000000100000000)
  eden space 30720K, 0% used [0x00000000eab00000,0x00000000eab00000,0x00000000ec900000)
  from space 2560K, 99% used [0x00000000ec900000,0x00000000ecb7ae70,0x00000000ecb80000)
  to   space 2560K, 0% used [0x00000000ecb80000,0x00000000ecb80000,0x00000000ece00000)
 ParOldGen       total 40960K, used 14267K [0x00000000c0000000, 0x00000000c2800000, 0x00000000eab00000)
  object space 40960K, 34% used [0x00000000c0000000,0x00000000c0deece8,0x00000000c2800000)
 Metaspace       used 5974K, capacity 6960K, committed 7040K, reserved 1056768K
  class space    used 594K, capacity 616K, committed 640K, reserved 1048576K

Card table byte_map: [0x0000000011ac0000,0x0000000011cd0000] byte_map_base: 0x00000000114c0000

Marking Bits: (ParMarkBitMap*) 0x0000000058dd4040
 Begin Bits: [0x0000000012230000, 0x0000000013230000)
 End Bits:   [0x0000000013230000, 0x0000000014230000)

Polling page: 0x0000000000bd0000

CodeCache: size=245760Kb used=4926Kb max_used=4931Kb free=240834Kb
 bounds [0x0000000002700000, 0x0000000002be0000, 0x0000000011700000]
 total_blobs=1543 nmethods=1273 adapters=183
 compilation: enabled

Compilation events (10 events):
Event: 29.313 Thread 0x0000000014dcd000 nmethod 1260 0x0000000002bc8b50 code [0x0000000002bc8cc0, 0x0000000002bc8f78]
Event: 29.313 Thread 0x0000000014dcd000 1283       4       java.util.HashMap::<init> (11 bytes)
Event: 29.313 Thread 0x0000000014dee800 nmethod 1269 0x0000000002bd3550 code [0x0000000002bd3720, 0x0000000002bd3fe8]
Event: 29.313 Thread 0x0000000014dee800 1280       3       com.android.dx.rop.cst.TypedConstant::getBasicType (8 bytes)
Event: 29.313 Thread 0x0000000014dee800 nmethod 1280 0x0000000002bb8590 code [0x0000000002bb8700, 0x0000000002bb89a8]
Event: 29.313 Thread 0x0000000014dee800 1266       3       com.android.dx.cf.code.Frame::mergeWith (80 bytes)
Event: 29.313 Thread 0x0000000014dcd000 nmethod 1283 0x0000000002b47350 code [0x0000000002b47480, 0x0000000002b474d8]
Event: 29.313 Thread 0x0000000014dcd000 1264       4       com.android.dx.ssa.SCCP::simulateStmt (481 bytes)
Event: 29.315 Thread 0x0000000014dee800 nmethod 1266 0x0000000002bd4610 code [0x0000000002bd4840, 0x0000000002bd5828]
Event: 29.315 Thread 0x0000000014dee800 1265       3       com.android.dx.cf.code.Simulator$SimVisitor::visitNoArgs (2136 bytes)

GC Heap History (4 events):
Event: 28.056 GC heap before
{Heap before GC invocations=1 (full 0):
 PSYoungGen      total 17920K, used 15360K [0x00000000eab00000, 0x00000000ebf00000, 0x0000000100000000)
  eden space 15360K, 100% used [0x00000000eab00000,0x00000000eba00000,0x00000000eba00000)
  from space 2560K, 0% used [0x00000000ebc80000,0x00000000ebc80000,0x00000000ebf00000)
  to   space 2560K, 0% used [0x00000000eba00000,0x00000000eba00000,0x00000000ebc80000)
 ParOldGen       total 40960K, used 0K [0x00000000c0000000, 0x00000000c2800000, 0x00000000eab00000)
  object space 40960K, 0% used [0x00000000c0000000,0x00000000c0000000,0x00000000c2800000)
 Metaspace       used 5679K, capacity 6704K, committed 6784K, reserved 1056768K
  class space    used 591K, capacity 616K, committed 640K, reserved 1048576K
Event: 28.242 GC heap after
Heap after GC invocations=1 (full 0):
 PSYoungGen      total 17920K, used 2551K [0x00000000eab00000, 0x00000000ebf00000, 0x0000000100000000)
  eden space 15360K, 0% used [0x00000000eab00000,0x00000000eab00000,0x00000000eba00000)
  from space 2560K, 99% used [0x00000000eba00000,0x00000000ebc7df20,0x00000000ebc80000)
  to   space 2560K, 0% used [0x00000000ebc80000,0x00000000ebc80000,0x00000000ebf00000)
 ParOldGen       total 40960K, used 2032K [0x00000000c0000000, 0x00000000c2800000, 0x00000000eab00000)
  object space 40960K, 4% used [0x00000000c0000000,0x00000000c01fc138,0x00000000c2800000)
 Metaspace       used 5679K, capacity 6704K, committed 6784K, reserved 1056768K
  class space    used 591K, capacity 616K, committed 640K, reserved 1048576K
}
Event: 29.046 GC heap before
{Heap before GC invocations=2 (full 0):
 PSYoungGen      total 17920K, used 17911K [0x00000000eab00000, 0x00000000ebf00000, 0x0000000100000000)
  eden space 15360K, 100% used [0x00000000eab00000,0x00000000eba00000,0x00000000eba00000)
  from space 2560K, 99% used [0x00000000eba00000,0x00000000ebc7df20,0x00000000ebc80000)
  to   space 2560K, 0% used [0x00000000ebc80000,0x00000000ebc80000,0x00000000ebf00000)
 ParOldGen       total 40960K, used 2032K [0x00000000c0000000, 0x00000000c2800000, 0x00000000eab00000)
  object space 40960K, 4% used [0x00000000c0000000,0x00000000c01fc138,0x00000000c2800000)
 Metaspace       used 5926K, capacity 6896K, committed 7040K, reserved 1056768K
  class space    used 594K, capacity 616K, committed 640K, reserved 1048576K
Event: 29.247 GC heap after
Heap after GC invocations=2 (full 0):
 PSYoungGen      total 17920K, used 2531K [0x00000000eab00000, 0x00000000ece00000, 0x0000000100000000)
  eden space 15360K, 0% used [0x00000000eab00000,0x00000000eab00000,0x00000000eba00000)
  from space 2560K, 98% used [0x00000000ebc80000,0x00000000ebef8e18,0x00000000ebf00000)
  to   space 2560K, 0% used [0x00000000eba00000,0x00000000eba00000,0x00000000ebc80000)
 ParOldGen       total 40960K, used 4486K [0x00000000c0000000, 0x00000000c2800000, 0x00000000eab00000)
  object space 40960K, 10% used [0x00000000c0000000,0x00000000c0461b78,0x00000000c2800000)
 Metaspace       used 5926K, capacity 6896K, committed 7040K, reserved 1056768K
  class space    used 594K, capacity 616K, committed 640K, reserved 1048576K
}

Deoptimization events (9 events):
Event: 27.881 Thread 0x00000000168c8000 Uncommon trap: reason=unstable_if action=reinterpret pc=0x000000000293c63c method=java.util.HashMap.getNode(ILjava/lang/Object;)Ljava/util/HashMap$Node; @ 62
Event: 28.263 Thread 0x000000001682c800 Uncommon trap: reason=unstable_if action=reinterpret pc=0x00000000029d47b4 method=java.util.BitSet.ensureCapacity(I)V @ 6
Event: 28.495 Thread 0x00000000168c2000 Uncommon trap: reason=unstable_if action=reinterpret pc=0x00000000029b0d0c method=java.util.HashMap.getNode(ILjava/lang/Object;)Ljava/util/HashMap$Node; @ 129
Event: 28.608 Thread 0x0000000002510800 Uncommon trap: reason=unstable_if action=reinterpret pc=0x00000000029d2adc method=com.android.dx.rop.cst.Constant.compareTo(Lcom/android/dx/rop/cst/Constant;)I @ 12
Event: 28.719 Thread 0x00000000168c3000 Uncommon trap: reason=class_check action=maybe_recompile pc=0x0000000002a1eac8 method=com.android.dx.ssa.NormalSsaInsn.accept(Lcom/android/dx/ssa/SsaInsn$Visitor;)V @ 9
Event: 28.719 Thread 0x00000000168c3000 Uncommon trap: reason=class_check action=maybe_recompile pc=0x0000000002a1eac8 method=com.android.dx.ssa.NormalSsaInsn.accept(Lcom/android/dx/ssa/SsaInsn$Visitor;)V @ 9
Event: 28.719 Thread 0x00000000168c3000 Uncommon trap: reason=class_check action=maybe_recompile pc=0x0000000002a1eac8 method=com.android.dx.ssa.NormalSsaInsn.accept(Lcom/android/dx/ssa/SsaInsn$Visitor;)V @ 9
Event: 28.719 Thread 0x00000000168c3000 Uncommon trap: reason=class_check action=maybe_recompile pc=0x0000000002a1eac8 method=com.android.dx.ssa.NormalSsaInsn.accept(Lcom/android/dx/ssa/SsaInsn$Visitor;)V @ 9
Event: 29.252 Thread 0x00000000168c2000 Uncommon trap: reason=class_check action=maybe_recompile pc=0x0000000002a7c604 method=com.android.dx.ssa.NormalSsaInsn.accept(Lcom/android/dx/ssa/SsaInsn$Visitor;)V @ 9

Internal exceptions (2 events):
Event: 12.632 Thread 0x0000000002510800 Exception <a 'java/lang/NoSuchMethodError': Method sun.misc.Unsafe.defineClass(Ljava/lang/String;[BII)Ljava/lang/Class; name or signature does not match> (0x00000000eab0d140) thrown at [D:\re\workspace\8-2-build-windows-amd64-cygwin\jdk8u40\3098\hotspot\sr8K¯3ÇC)@
Event: 12.632 Thread 0x0000000002510800 Exception <a 'java/lang/NoSuchMethodError': Method sun.misc.Unsafe.prefetchRead(Ljava/lang/Object;J)V name or signature does not match> (0x00000000eab0d3d0) thrown at [D:\re\workspace\8-2-build-windows-amd64-cygwin\jdk8u40\3098\hotspot\src\share\vm\prims\j

Events (10 events):
Event: 28.719 Thread 0x00000000168c3000 Uncommon trap: trap_request=0xffffffde fr.pc=0x0000000002a1eac8
Event: 28.719 Thread 0x00000000168c3000 DEOPT PACKING pc=0x0000000002a1eac8 sp=0x000000001703e700
Event: 28.719 Thread 0x00000000168c3000 DEOPT UNPACKING pc=0x000000000274582a sp=0x000000001703e740 mode 2
Event: 28.991 Executing VM operation: ForceSafepoint
Event: 28.996 Executing VM operation: ForceSafepoint done
Event: 29.045 Executing VM operation: ParallelGCFailedAllocation
Event: 29.247 Executing VM operation: ParallelGCFailedAllocation done
Event: 29.252 Thread 0x00000000168c2000 Uncommon trap: trap_request=0xffffffde fr.pc=0x0000000002a7c604
Event: 29.252 Thread 0x00000000168c2000 DEOPT PACKING pc=0x0000000002a7c604 sp=0x0000000016f3eba0
Event: 29.252 Thread 0x00000000168c2000 DEOPT UNPACKING pc=0x000000000274582a sp=0x0000000016f3eb70 mode 2


Dynamic libraries:
0x00007ff6df250000 - 0x00007ff6df287000 	C:\Program Files\Java\jdk1.8.0_40\bin\java.exe
0x00007ffd3f340000 - 0x00007ffd3f502000 	C:\WINDOWS\SYSTEM32\ntdll.dll
0x00007ffd3e160000 - 0x00007ffd3e20d000 	C:\WINDOWS\system32\KERNEL32.DLL
0x00007ffd3c0e0000 - 0x00007ffd3c2bd000 	C:\WINDOWS\system32\KERNELBASE.dll
0x00007ffd3e9c0000 - 0x00007ffd3ea66000 	C:\WINDOWS\system32\ADVAPI32.dll
0x00007ffd3f2a0000 - 0x00007ffd3f33d000 	C:\WINDOWS\system32\msvcrt.dll
0x00007ffd3e950000 - 0x00007ffd3e9ab000 	C:\WINDOWS\system32\sechost.dll
0x00007ffd3eab0000 - 0x00007ffd3ebd6000 	C:\WINDOWS\system32\RPCRT4.dll
0x00007ffd3ecc0000 - 0x00007ffd3ee0e000 	C:\WINDOWS\system32\USER32.dll
0x00007ffd3f110000 - 0x00007ffd3f295000 	C:\WINDOWS\system32\GDI32.dll
0x00007ffd37470000 - 0x00007ffd376e4000 	C:\WINDOWS\WinSxS\amd64_microsoft.windows.common-controls_6595b64144ccf1df_6.0.10240.17184_none_f41d7a705752bce6\COMCTL32.dll
0x00007ffd3ea70000 - 0x00007ffd3eaa6000 	C:\WINDOWS\system32\IMM32.DLL
0x00007ffd3efb0000 - 0x00007ffd3f10c000 	C:\WINDOWS\system32\MSCTF.dll
0x0000000058e60000 - 0x0000000058f32000 	C:\Program Files\Java\jdk1.8.0_40\jre\bin\msvcr100.dll
0x00000000585d0000 - 0x0000000058e53000 	C:\Program Files\Java\jdk1.8.0_40\jre\bin\server\jvm.dll
0x00007ffd3e660000 - 0x00007ffd3e668000 	C:\WINDOWS\system32\PSAPI.DLL
0x00007ffd31fe0000 - 0x00007ffd31fe9000 	C:\WINDOWS\SYSTEM32\WSOCK32.dll
0x00007ffd399f0000 - 0x00007ffd39a13000 	C:\WINDOWS\SYSTEM32\WINMM.dll
0x00007ffd37900000 - 0x00007ffd3790a000 	C:\WINDOWS\SYSTEM32\VERSION.dll
0x0000000000ba0000 - 0x0000000000bcc000 	C:\WINDOWS\SYSTEM32\WINMMBASE.dll
0x00007ffd3e830000 - 0x00007ffd3e899000 	C:\WINDOWS\system32\WS2_32.dll
0x00007ffd3c2c0000 - 0x00007ffd3c304000 	C:\WINDOWS\system32\cfgmgr32.dll
0x00007ffd3e7c0000 - 0x00007ffd3e7c8000 	C:\WINDOWS\system32\NSI.dll
0x00007ffd3a640000 - 0x00007ffd3a667000 	C:\WINDOWS\SYSTEM32\DEVOBJ.dll
0x00000000597a0000 - 0x00000000597af000 	C:\Program Files\Java\jdk1.8.0_40\jre\bin\verify.dll
0x00000000585a0000 - 0x00000000585c9000 	C:\Program Files\Java\jdk1.8.0_40\jre\bin\java.dll
0x0000000059780000 - 0x0000000059796000 	C:\Program Files\Java\jdk1.8.0_40\jre\bin\zip.dll
0x00007ffd3cc30000 - 0x00007ffd3e153000 	C:\WINDOWS\system32\SHELL32.dll
0x00007ffd3c310000 - 0x00007ffd3c939000 	C:\WINDOWS\system32\windows.storage.dll
0x00007ffd3e210000 - 0x00007ffd3e48c000 	C:\WINDOWS\system32\combase.dll
0x00007ffd3ee10000 - 0x00007ffd3ee61000 	C:\WINDOWS\system32\shlwapi.dll
0x00007ffd3bd80000 - 0x00007ffd3bd8f000 	C:\WINDOWS\system32\kernel.appcore.dll
0x00007ffd3c940000 - 0x00007ffd3c9f3000 	C:\WINDOWS\system32\shcore.dll
0x00007ffd3bdb0000 - 0x00007ffd3bdfa000 	C:\WINDOWS\system32\powrprof.dll
0x00007ffd3bd90000 - 0x00007ffd3bda3000 	C:\WINDOWS\system32\profapi.dll

VM Arguments:
jvm_args: -Djava.awt.headless=true -Xmx1024M -Dfile.encoding=windows-1252 -Duser.country=US -Duser.language=en -Duser.variant 
java_command: com.android.dx.command.Main --dex --force-jumbo --num-threads=4 --multi-dex --output H:\ud867-master\FinalProject\app\build\intermediates\transforms\dex\debug\folders\1000\10\com.android.support-support-fragment-25.1.0_3882b0a9ab49c0385dca77c304374aa09838cdd5 H:\ud867-master\FinalProject\app\build\intermediates\exploded-aar\com.android.support\support-fragment\25.1.0\jars\classes.jar
java_class_path (initial): C:\Users\gowth\AppData\Local\Android\sdk1\build-tools\25.0.1\lib\dx.jar
Launcher Type: SUN_STANDARD

Environment Variables:
JAVA_HOME=C:\Program Files\Java\jdk1.8.0_40
PATH=C:\ProgramData\Oracle\Java\javapath;C:\Program Files (x86)\Verisium\vPerformer\Bin;C:\Program Files\Java\jdk1.8.0_40\bin;C:\Program Files\nodejs\;C:\Users\gowth\Downloads\android-ndk-r13b\;C:\gradle-3.3\bin\;C:\Users\gowth\AppData\Roaming\npm;C:\gradle-3.3\bin\
USERNAME=gowth
OS=Windows_NT
PROCESSOR_IDENTIFIER=Intel64 Family 6 Model 69 Stepping 1, GenuineIntel



---------------  S Y S T E M  ---------------

OS: Windows 10.0 , 64 bit Build 10240 (10.0.10240.17113)

CPU:total 4 (2 cores per cpu, 2 threads per core) family 6 model 69 stepping 1, cmov, cx8, fxsr, mmx, sse, sse2, sse3, ssse3, sse4.1, sse4.2, popcnt, avx, avx2, aes, clmul, erms, lzcnt, ht, tsc, tscinvbit, bmi1, bmi2

Memory: 4k page, physical 3923764k(13244k free), swap 9678040k(20k free)

vm_info: Java HotSpot(TM) 64-Bit Server VM (25.40-b25) for windows-amd64 JRE (1.8.0_40-b26), built on Mar  7 2015 13:51:59 by "java_re" with MS VC++ 10.0 (VS2010)

time: Mon Feb 06 13:07:56 2017
elapsed time: 33 seconds (0d 0h 0m 33s)

