#
# There is insufficient memory for the Java Runtime Environment to continue.
# Native memory allocation (malloc) failed to allocate 982896 bytes for Chunk::new
# Possible reasons:
#   The system is out of physical RAM or swap space
#   In 32 bit mode, the process size limit was hit
# Possible solutions:
#   Reduce memory load on the system
#   Increase physical memory or swap space
#   Check if swap backing store is full
#   Use 64 bit Java on a 64 bit OS
#   Decrease Java heap size (-Xmx/-Xms)
#   Decrease number of Java threads
#   Decrease Java thread stack sizes (-Xss)
#   Set larger code cache with -XX:ReservedCodeCacheSize=
# This output file may be truncated or incomplete.
#
#  Out of Memory Error (allocation.cpp:390), pid=6524, tid=8792
#
# JRE version: Java(TM) SE Runtime Environment (8.0_40-b26) (build 1.8.0_40-b26)
# Java VM: Java HotSpot(TM) 64-Bit Server VM (25.40-b25 mixed mode windows-amd64 compressed oops)
# Failed to write core dump. Minidumps are not enabled by default on client versions of Windows
#

---------------  T H R E A D  ---------------

Current thread (0x000000001508f800):  JavaThread "C2 CompilerThread1" daemon [_thread_in_native, id=8792, stack(0x00000000166e0000,0x00000000167e0000)]

Stack: [0x00000000166e0000,0x00000000167e0000]
Native frames: (J=compiled Java code, j=interpreted, Vv=VM code, C=native code)
V  [jvm.dll+0x32b47a]
V  [jvm.dll+0x2797f3]
V  [jvm.dll+0x27a489]
V  [jvm.dll+0x2717a5]
V  [jvm.dll+0xcb9a2]
V  [jvm.dll+0xcbe6c]
V  [jvm.dll+0x476ea2]
V  [jvm.dll+0x4b950f]
V  [jvm.dll+0x46bf81]
V  [jvm.dll+0x46ccbe]
V  [jvm.dll+0x4500d2]
V  [jvm.dll+0xa4312]
V  [jvm.dll+0xa4c4f]
V  [jvm.dll+0x241914]
V  [jvm.dll+0x29848a]
C  [msvcr100.dll+0x21d9f]
C  [msvcr100.dll+0x21e3b]
C  [KERNEL32.DLL+0x12d92]
C  [ntdll.dll+0x9f64]


Current CompileTask:
C2:  45882 1165       4       com.android.dx.ssa.NormalSsaInsn::accept (25 bytes)


---------------  P R O C E S S  ---------------

Java Threads: ( => current thread )
  0x00000000028c0800 JavaThread "DestroyJavaVM" [_thread_blocked, id=9044, stack(0x00000000027c0000,0x00000000028c0000)]
  0x0000000016905800 JavaThread "Service Thread" daemon [_thread_blocked, id=10024, stack(0x0000000016ce0000,0x0000000016de0000)]
  0x00000000150eb800 JavaThread "C1 CompilerThread2" daemon [_thread_blocked, id=9824, stack(0x00000000167e0000,0x00000000168e0000)]
=>0x000000001508f800 JavaThread "C2 CompilerThread1" daemon [_thread_in_native, id=8792, stack(0x00000000166e0000,0x00000000167e0000)]
  0x000000001508c800 JavaThread "C2 CompilerThread0" daemon [_thread_in_native, id=1312, stack(0x00000000165e0000,0x00000000166e0000)]
  0x000000001508a800 JavaThread "Attach Listener" daemon [_thread_blocked, id=6792, stack(0x00000000164e0000,0x00000000165e0000)]
  0x0000000015089000 JavaThread "Signal Dispatcher" daemon [_thread_blocked, id=1940, stack(0x00000000163e0000,0x00000000164e0000)]
  0x00000000029b6000 JavaThread "Finalizer" daemon [_thread_blocked, id=6764, stack(0x00000000162e0000,0x00000000163e0000)]
  0x00000000029ad000 JavaThread "Reference Handler" daemon [_thread_blocked, id=9720, stack(0x00000000161e0000,0x00000000162e0000)]

Other Threads:
  0x0000000015058000 VMThread [stack: 0x00000000160e0000,0x00000000161e0000] [id=8768]
  0x0000000016907800 WatcherThread [stack: 0x0000000016de0000,0x0000000016ee0000] [id=8580]

VM state:not at safepoint (normal execution)

VM Mutex/Monitor currently owned by a thread: None

Heap:
 PSYoungGen      total 33280K, used 9477K [0x00000000eab00000, 0x00000000ece00000, 0x0000000100000000)
  eden space 30720K, 22% used [0x00000000eab00000,0x00000000eb1c4600,0x00000000ec900000)
  from space 2560K, 99% used [0x00000000ec900000,0x00000000ecb7cf00,0x00000000ecb80000)
  to   space 2560K, 0% used [0x00000000ecb80000,0x00000000ecb80000,0x00000000ece00000)
 ParOldGen       total 40960K, used 23318K [0x00000000c0000000, 0x00000000c2800000, 0x00000000eab00000)
  object space 40960K, 56% used [0x00000000c0000000,0x00000000c16c5b38,0x00000000c2800000)
 Metaspace       used 6980K, capacity 7608K, committed 7936K, reserved 1056768K
  class space    used 648K, capacity 688K, committed 768K, reserved 1048576K

Card table byte_map: [0x0000000011d80000,0x0000000011f90000] byte_map_base: 0x0000000011780000

Marking Bits: (ParMarkBitMap*) 0x0000000058dd4040
 Begin Bits: [0x00000000124f0000, 0x00000000134f0000)
 End Bits:   [0x00000000134f0000, 0x00000000144f0000)

Polling page: 0x0000000000e30000

CodeCache: size=245760Kb used=7459Kb max_used=7459Kb free=238300Kb
 bounds [0x00000000029c0000, 0x0000000003110000, 0x00000000119c0000]
 total_blobs=2455 nmethods=2178 adapters=189
 compilation: enabled

Compilation events (10 events):
Event: 36.486 Thread 0x00000000150eb800 1394       2       com.android.dx.ssa.ConstCollector$2::map (28 bytes)
Event: 36.487 Thread 0x00000000150eb800 nmethod 1394 0x0000000002ed5210 code [0x0000000002ed5380, 0x0000000002ed5528]
Event: 36.487 Thread 0x00000000150eb800 1395       2       com.android.dx.ssa.SsaBasicBlock::insertNewSuccessor (228 bytes)
Event: 36.488 Thread 0x00000000150eb800 nmethod 1395 0x0000000002ed5650 code [0x0000000002ed58e0, 0x0000000002ed60e8]
Event: 36.488 Thread 0x00000000150eb800 1397       2       com.android.dx.ssa.back.FirstFitLocalCombiningAllocator::rangeContainsReserved (30 bytes)
Event: 36.489 Thread 0x00000000150eb800 nmethod 1397 0x0000000002ed68d0 code [0x0000000002ed6a40, 0x0000000002ed6c68]
Event: 36.489 Thread 0x00000000150eb800 1396       2       java.lang.Integer::bitCount (49 bytes)
Event: 36.489 Thread 0x00000000150eb800 nmethod 1396 0x0000000002ed6d90 code [0x0000000002ed6ee0, 0x0000000002ed7050]
Event: 36.489 Thread 0x00000000150eb800 1398       2       com.android.dx.rop.cst.CstLiteral64::equals (36 bytes)
Event: 36.489 Thread 0x00000000150eb800 nmethod 1398 0x0000000002ed70d0 code [0x0000000002ed7220, 0x0000000002ed7410]

GC Heap History (6 events):
Event: 35.765 GC heap before
{Heap before GC invocations=1 (full 0):
 PSYoungGen      total 17920K, used 15360K [0x00000000eab00000, 0x00000000ebf00000, 0x0000000100000000)
  eden space 15360K, 100% used [0x00000000eab00000,0x00000000eba00000,0x00000000eba00000)
  from space 2560K, 0% used [0x00000000ebc80000,0x00000000ebc80000,0x00000000ebf00000)
  to   space 2560K, 0% used [0x00000000eba00000,0x00000000eba00000,0x00000000ebc80000)
 ParOldGen       total 40960K, used 0K [0x00000000c0000000, 0x00000000c2800000, 0x00000000eab00000)
  object space 40960K, 0% used [0x00000000c0000000,0x00000000c0000000,0x00000000c2800000)
 Metaspace       used 5690K, capacity 6640K, committed 6784K, reserved 1056768K
  class space    used 586K, capacity 616K, committed 640K, reserved 1048576K
Event: 35.771 GC heap after
Heap after GC invocations=1 (full 0):
 PSYoungGen      total 17920K, used 2540K [0x00000000eab00000, 0x00000000ebf00000, 0x0000000100000000)
  eden space 15360K, 0% used [0x00000000eab00000,0x00000000eab00000,0x00000000eba00000)
  from space 2560K, 99% used [0x00000000eba00000,0x00000000ebc7b1c0,0x00000000ebc80000)
  to   space 2560K, 0% used [0x00000000ebc80000,0x00000000ebc80000,0x00000000ebf00000)
 ParOldGen       total 40960K, used 1169K [0x00000000c0000000, 0x00000000c2800000, 0x00000000eab00000)
  object space 40960K, 2% used [0x00000000c0000000,0x00000000c01246b0,0x00000000c2800000)
 Metaspace       used 5690K, capacity 6640K, committed 6784K, reserved 1056768K
  class space    used 586K, capacity 616K, committed 640K, reserved 1048576K
}
Event: 36.304 GC heap before
{Heap before GC invocations=2 (full 0):
 PSYoungGen      total 17920K, used 17900K [0x00000000eab00000, 0x00000000ebf00000, 0x0000000100000000)
  eden space 15360K, 100% used [0x00000000eab00000,0x00000000eba00000,0x00000000eba00000)
  from space 2560K, 99% used [0x00000000eba00000,0x00000000ebc7b1c0,0x00000000ebc80000)
  to   space 2560K, 0% used [0x00000000ebc80000,0x00000000ebc80000,0x00000000ebf00000)
 ParOldGen       total 40960K, used 1169K [0x00000000c0000000, 0x00000000c2800000, 0x00000000eab00000)
  object space 40960K, 2% used [0x00000000c0000000,0x00000000c01246b0,0x00000000c2800000)
 Metaspace       used 5965K, capacity 6896K, committed 7040K, reserved 1056768K
  class space    used 588K, capacity 616K, committed 640K, reserved 1048576K
Event: 36.329 GC heap after
Heap after GC invocations=2 (full 0):
 PSYoungGen      total 17920K, used 2545K [0x00000000eab00000, 0x00000000ece00000, 0x0000000100000000)
  eden space 15360K, 0% used [0x00000000eab00000,0x00000000eab00000,0x00000000eba00000)
  from space 2560K, 99% used [0x00000000ebc80000,0x00000000ebefc640,0x00000000ebf00000)
  to   space 2560K, 0% used [0x00000000eba00000,0x00000000eba00000,0x00000000ebc80000)
 ParOldGen       total 40960K, used 3359K [0x00000000c0000000, 0x00000000c2800000, 0x00000000eab00000)
  object space 40960K, 8% used [0x00000000c0000000,0x00000000c0347e18,0x00000000c2800000)
 Metaspace       used 5965K, capacity 6896K, committed 7040K, reserved 1056768K
  class space    used 588K, capacity 616K, committed 640K, reserved 1048576K
}
Event: 36.471 GC heap before
{Heap before GC invocations=3 (full 0):
 PSYoungGen      total 17920K, used 17905K [0x00000000eab00000, 0x00000000ece00000, 0x0000000100000000)
  eden space 15360K, 100% used [0x00000000eab00000,0x00000000eba00000,0x00000000eba00000)
  from space 2560K, 99% used [0x00000000ebc80000,0x00000000ebefc640,0x00000000ebf00000)
  to   space 2560K, 0% used [0x00000000eba00000,0x00000000eba00000,0x00000000ebc80000)
 ParOldGen       total 40960K, used 3359K [0x00000000c0000000, 0x00000000c2800000, 0x00000000eab00000)
  object space 40960K, 8% used [0x00000000c0000000,0x00000000c0347e18,0x00000000c2800000)
 Metaspace       used 6074K, capacity 7024K, committed 7296K, reserved 1056768K
  class space    used 588K, capacity 616K, committed 640K, reserved 1048576K
Event: 36.480 GC heap after
Heap after GC invocations=3 (full 0):
 PSYoungGen      total 17920K, used 2531K [0x00000000eab00000, 0x00000000ece00000, 0x0000000100000000)
  eden space 15360K, 0% used [0x00000000eab00000,0x00000000eab00000,0x00000000eba00000)
  from space 2560K, 98% used [0x00000000eba00000,0x00000000ebc78da8,0x00000000ebc80000)
  to   space 2560K, 0% used [0x00000000ecb80000,0x00000000ecb80000,0x00000000ece00000)
 ParOldGen       total 40960K, used 5501K [0x00000000c0000000, 0x00000000c2800000, 0x00000000eab00000)
  object space 40960K, 13% used [0x00000000c0000000,0x00000000c055f7a8,0x00000000c2800000)
 Metaspace       used 6074K, capacity 7024K, committed 7296K, reserved 1056768K
  class space    used 588K, capacity 616K, committed 640K, reserved 1048576K
}

Deoptimization events (10 events):
Event: 35.937 Thread 0x0000000016c2c800 Uncommon trap: reason=unstable_if action=reinterpret pc=0x0000000002cf8c9c method=com.android.dx.rop.code.LocalItem.hashCode()I @ 25
Event: 36.000 Thread 0x0000000016b31000 Uncommon trap: reason=class_check action=maybe_recompile pc=0x0000000002c3d394 method=com.android.dx.ssa.NormalSsaInsn.accept(Lcom/android/dx/ssa/SsaInsn$Visitor;)V @ 9
Event: 36.027 Thread 0x0000000016b31000 Uncommon trap: reason=class_check action=maybe_recompile pc=0x0000000002c3d394 method=com.android.dx.ssa.NormalSsaInsn.accept(Lcom/android/dx/ssa/SsaInsn$Visitor;)V @ 9
Event: 36.042 Thread 0x0000000016b31000 Uncommon trap: reason=class_check action=maybe_recompile pc=0x0000000002c3d394 method=com.android.dx.ssa.NormalSsaInsn.accept(Lcom/android/dx/ssa/SsaInsn$Visitor;)V @ 9
Event: 36.075 Thread 0x00000000028c0800 Uncommon trap: reason=unstable_if action=reinterpret pc=0x0000000002c3df74 method=java.util.BitSet.ensureCapacity(I)V @ 6
Event: 36.154 Thread 0x0000000016c2c800 Uncommon trap: reason=class_check action=maybe_recompile pc=0x0000000002c3d394 method=com.android.dx.ssa.NormalSsaInsn.accept(Lcom/android/dx/ssa/SsaInsn$Visitor;)V @ 9
Event: 36.257 Thread 0x0000000016b31000 Uncommon trap: reason=class_check action=maybe_recompile pc=0x0000000002c33b30 method=com.android.dx.ssa.NormalSsaInsn.accept(Lcom/android/dx/ssa/SsaInsn$Visitor;)V @ 9
Event: 36.352 Thread 0x0000000016bdb800 Uncommon trap: reason=bimorphic action=maybe_recompile pc=0x0000000002c16398 method=java.util.HashMap.getNode(ILjava/lang/Object;)Ljava/util/HashMap$Node; @ 126
Event: 36.352 Thread 0x0000000016bdb800 Uncommon trap: reason=class_check action=maybe_recompile pc=0x0000000002e2a720 method=java.util.HashMap.putVal(ILjava/lang/Object;Ljava/lang/Object;ZZ)Ljava/lang/Object; @ 203
Event: 36.353 Thread 0x0000000016bdb800 Uncommon trap: reason=bimorphic action=maybe_recompile pc=0x0000000002c1201c method=java.util.HashMap.getNode(ILjava/lang/Object;)Ljava/util/HashMap$Node; @ 126

Internal exceptions (2 events):
Event: 10.099 Thread 0x00000000028c0800 Exception <a 'java/lang/NoSuchMethodError': Method sun.misc.Unsafe.defineClass(Ljava/lang/String;[BII)Ljava/lang/Class; name or signature does not match> (0x00000000eab0cff0) thrown at [D:\re\workspace\8-2-build-windows-amd64-cygwin\jdk8u40\3098\hotspot\srl@Ö3$@
Event: 10.100 Thread 0x00000000028c0800 Exception <a 'java/lang/NoSuchMethodError': Method sun.misc.Unsafe.prefetchRead(Ljava/lang/Object;J)V name or signature does not match> (0x00000000eab0d280) thrown at [D:\re\workspace\8-2-build-windows-amd64-cygwin\jdk8u40\3098\hotspot\src\share\vm\prims\j

Events (10 events):
Event: 36.352 Thread 0x0000000016bdb800 Uncommon trap: trap_request=0xffffffde fr.pc=0x0000000002e2a720
Event: 36.352 Thread 0x0000000016bdb800 DEOPT PACKING pc=0x0000000002e2a720 sp=0x0000000017ade820
Event: 36.352 Thread 0x0000000016bdb800 DEOPT UNPACKING pc=0x0000000002a0582a sp=0x0000000017ade7a8 mode 2
Event: 36.353 Thread 0x0000000016bdb800 Uncommon trap: trap_request=0xffffffc6 fr.pc=0x0000000002c1201c
Event: 36.353 Thread 0x0000000016bdb800 DEOPT PACKING pc=0x0000000002c1201c sp=0x0000000017ade920
Event: 36.353 Thread 0x0000000016bdb800 DEOPT UNPACKING pc=0x0000000002a0582a sp=0x0000000017ade838 mode 2
Event: 36.372 Thread 0x0000000016bdc000 DEOPT PACKING pc=0x0000000002e56a60 sp=0x0000000017bde890
Event: 36.372 Thread 0x0000000016bdc000 DEOPT UNPACKING pc=0x0000000002a0787f sp=0x0000000017bde5c8 mode 0
Event: 36.471 Executing VM operation: ParallelGCFailedAllocation
Event: 36.480 Executing VM operation: ParallelGCFailedAllocation done


Dynamic libraries:
0x00007ff6df250000 - 0x00007ff6df287000 	C:\Program Files\Java\jdk1.8.0_40\bin\java.exe
0x00007ffd3f340000 - 0x00007ffd3f502000 	C:\WINDOWS\SYSTEM32\ntdll.dll
0x00007ffd3e160000 - 0x00007ffd3e20d000 	C:\WINDOWS\system32\KERNEL32.DLL
0x00007ffd3c0e0000 - 0x00007ffd3c2bd000 	C:\WINDOWS\system32\KERNELBASE.dll
0x00007ffd3e9c0000 - 0x00007ffd3ea66000 	C:\WINDOWS\system32\ADVAPI32.dll
0x00007ffd3f2a0000 - 0x00007ffd3f33d000 	C:\WINDOWS\system32\msvcrt.dll
0x00007ffd3e950000 - 0x00007ffd3e9ab000 	C:\WINDOWS\system32\sechost.dll
0x00007ffd3eab0000 - 0x00007ffd3ebd6000 	C:\WINDOWS\system32\RPCRT4.dll
0x00007ffd3ecc0000 - 0x00007ffd3ee0e000 	C:\WINDOWS\system32\USER32.dll
0x00007ffd3f110000 - 0x00007ffd3f295000 	C:\WINDOWS\system32\GDI32.dll
0x00007ffd37470000 - 0x00007ffd376e4000 	C:\WINDOWS\WinSxS\amd64_microsoft.windows.common-controls_6595b64144ccf1df_6.0.10240.17184_none_f41d7a705752bce6\COMCTL32.dll
0x00007ffd3ea70000 - 0x00007ffd3eaa6000 	C:\WINDOWS\system32\IMM32.DLL
0x00007ffd3efb0000 - 0x00007ffd3f10c000 	C:\WINDOWS\system32\MSCTF.dll
0x0000000058e60000 - 0x0000000058f32000 	C:\Program Files\Java\jdk1.8.0_40\jre\bin\msvcr100.dll
0x00000000585d0000 - 0x0000000058e53000 	C:\Program Files\Java\jdk1.8.0_40\jre\bin\server\jvm.dll
0x00007ffd3e660000 - 0x00007ffd3e668000 	C:\WINDOWS\system32\PSAPI.DLL
0x00007ffd31fe0000 - 0x00007ffd31fe9000 	C:\WINDOWS\SYSTEM32\WSOCK32.dll
0x00007ffd399f0000 - 0x00007ffd39a13000 	C:\WINDOWS\SYSTEM32\WINMM.dll
0x00007ffd37900000 - 0x00007ffd3790a000 	C:\WINDOWS\SYSTEM32\VERSION.dll
0x00007ffd399c0000 - 0x00007ffd399ec000 	C:\WINDOWS\SYSTEM32\WINMMBASE.dll
0x00007ffd3c2c0000 - 0x00007ffd3c304000 	C:\WINDOWS\system32\cfgmgr32.dll
0x00007ffd3a640000 - 0x00007ffd3a667000 	C:\WINDOWS\SYSTEM32\DEVOBJ.dll
0x00007ffd3e830000 - 0x00007ffd3e899000 	C:\WINDOWS\system32\WS2_32.dll
0x00007ffd3e7c0000 - 0x00007ffd3e7c8000 	C:\WINDOWS\system32\NSI.dll
0x00000000597a0000 - 0x00000000597af000 	C:\Program Files\Java\jdk1.8.0_40\jre\bin\verify.dll
0x00000000585a0000 - 0x00000000585c9000 	C:\Program Files\Java\jdk1.8.0_40\jre\bin\java.dll
0x0000000059780000 - 0x0000000059796000 	C:\Program Files\Java\jdk1.8.0_40\jre\bin\zip.dll
0x00007ffd3cc30000 - 0x00007ffd3e153000 	C:\WINDOWS\system32\SHELL32.dll
0x00007ffd3c310000 - 0x00007ffd3c939000 	C:\WINDOWS\system32\windows.storage.dll
0x00007ffd3e210000 - 0x00007ffd3e48c000 	C:\WINDOWS\system32\combase.dll
0x00007ffd3ee10000 - 0x00007ffd3ee61000 	C:\WINDOWS\system32\shlwapi.dll
0x00007ffd3bd80000 - 0x00007ffd3bd8f000 	C:\WINDOWS\system32\kernel.appcore.dll
0x00007ffd3c940000 - 0x00007ffd3c9f3000 	C:\WINDOWS\system32\shcore.dll
0x00007ffd3bdb0000 - 0x00007ffd3bdfa000 	C:\WINDOWS\system32\powrprof.dll
0x00007ffd3bd90000 - 0x00007ffd3bda3000 	C:\WINDOWS\system32\profapi.dll
0x00007ffd2fe40000 - 0x00007ffd2ffca000 	C:\WINDOWS\SYSTEM32\dbghelp.dll

VM Arguments:
jvm_args: -Djava.awt.headless=true -Xmx1024M -Dfile.encoding=windows-1252 -Duser.country=US -Duser.language=en -Duser.variant 
java_command: com.android.dx.command.Main --dex --force-jumbo --num-threads=4 --multi-dex --output H:\ud867-master\FinalProject\app\build\intermediates\transforms\dex\debug\folders\1000\10\google-http-client-1.20.0_b0f3e4c9cdf093fcf82db840c8c724a0d1f330d0 C:\Users\gowth\.gradle\caches\modules-2\files-2.1\com.google.http-client\google-http-client\1.20.0\93d82db2bca534960253f43424b2ba9d7638b4d2\google-http-client-1.20.0.jar
java_class_path (initial): C:\Users\gowth\AppData\Local\Android\sdk1\build-tools\25.0.1\lib\dx.jar
Launcher Type: SUN_STANDARD

Environment Variables:
JAVA_HOME=C:\Program Files\Java\jdk1.8.0_40
PATH=C:\ProgramData\Oracle\Java\javapath;C:\Program Files (x86)\Verisium\vPerformer\Bin;C:\Program Files\Java\jdk1.8.0_40\bin;C:\Program Files\nodejs\;C:\Users\gowth\Downloads\android-ndk-r13b\;C:\gradle-3.3\bin\;C:\Users\gowth\AppData\Roaming\npm;C:\gradle-3.3\bin\
USERNAME=gowth
OS=Windows_NT
PROCESSOR_IDENTIFIER=Intel64 Family 6 Model 69 Stepping 1, GenuineIntel



---------------  S Y S T E M  ---------------

OS: Windows 10.0 , 64 bit Build 10240 (10.0.10240.17113)

CPU:total 4 (2 cores per cpu, 2 threads per core) family 6 model 69 stepping 1, cmov, cx8, fxsr, mmx, sse, sse2, sse3, ssse3, sse4.1, sse4.2, popcnt, avx, avx2, aes, clmul, erms, lzcnt, ht, tsc, tscinvbit, bmi1, bmi2

Memory: 4k page, physical 3923764k(139072k free), swap 9678040k(142928k free)

vm_info: Java HotSpot(TM) 64-Bit Server VM (25.40-b25) for windows-amd64 JRE (1.8.0_40-b26), built on Mar  7 2015 13:51:59 by "java_re" with MS VC++ 10.0 (VS2010)

time: Mon Feb 06 13:09:13 2017
elapsed time: 47 seconds (0d 0h 0m 47s)

